### ISSUE TITLE
How to use it?

### ISSUE THREAD

**Issue by sanudatta11** [btbd/hwid#7]
Hello,
Can you write a updated readme with using instructions?

**Comment by Shy947** [comment]
What's exactly your issue?

Either branch can be complied without modifications in the code.

**Comment by sanudatta11** [comment]
I have compiled the project. My question was how to load the driver and whats the correct way. Am not into WDK and Driver Developement

**Comment by sanudatta11** [comment]
![image](https://user-images.githubusercontent.com/10294608/69515521-d3aa5580-0f74-11ea-81e3-5e180acbd359.png)

And I find this error when running the compiled exe with Admin Priv

**Comment by btbd** [comment]
@sanudatta11 That error is because [this](https://github.com/btbd/hwid/blob/b28e93ca6195820cb7509578af9fa2ac6a61becb/User/util.c#L292) has exceeded `MAX_PATH`. I was lazy and acted under the assumption no path exceeded `MAX_PATH`, but I should've added a capacity check or dynamically allocated the buffer. 

Google is your friend for how to load the driver.

**Comment by sanudatta11** [comment]
@btbd  how to tackle the MAX_PATH error.

**Comment by btbd** [comment]
Try this:

```cpp
VOID RecursiveDelete(LPWSTR dir, LPWSTR match) {
	SIZE_T path_size = _snwprintf(0, 0, L"%ws\\*", dir);
	PWCHAR path = malloc((path_size + 1) * sizeof(WCHAR));
	if (!path) {
		return;
	}

	wsprintf(path, L"%ws\\*", dir);

	WIN32_FIND_DATA fd = { 0 };
	HANDLE f = FindFirstFile(path, &fd);

	free(path);

	do {
		SIZE_T sub_size = _snwprintf(0, 0, L"%ws\\%ws", dir, fd.cFileName);
		PWCHAR sub = malloc((sub_size + 1) * sizeof(WCHAR));
		if (sub) {
			wsprintf(sub, L"%ws\\%ws", dir, fd.cFileName);

			if (wcscmp(fd.cFileName, L".") && wcscmp(fd.cFileName, L"..")) {
				if (fd.dwFileAttributes & FILE_ATTRIBUTE_DIRECTORY) {
					RecursiveDelete(sub, match);
				} else if (StrStr(fd.cFileName, match)) {
					ForceDeleteFile(sub);
				}
			}

			free(sub);
		}
	} while (FindNextFile(f, &fd));

	FindClose(f);
}
```

**Comment by sanudatta11** [comment]
Got a new error.

![image](https://user-images.githubusercontent.com/10294608/69518601-01e06300-0f7e-11ea-8479-504565ac0838.png)

**Comment by btbd** [comment]
@sanudatta11 Attach a debugger so I can see symbols and where it overflowed a buffer.

**Comment by sanudatta11** [comment]
`Press Retry to debug the application)
'User.exe' (Win32): Loaded 'C:\Windows\System32\msctf.dll'. 
'User.exe' (Win32): Loaded 'C:\Windows\System32\TextInputFramework.dll'. 
'User.exe' (Win32): Loaded 'C:\Windows\System32\CoreMessaging.dll'. 
'User.exe' (Win32): Loaded 'C:\Windows\System32\CoreUIComponents.dll'. 
The thread 0x49f8 has exited with code -1073741510 (0xc000013a).
The thread 0x3ab8 has exited with code -1073741510 (0xc000013a).
The thread 0x18a8 has exited with code -1073741510 (0xc000013a).
The thread 0x6130 has exited with code -1073741510 (0xc000013a).
The thread 0x62c has exited with code -1073741510 (0xc000013a).
The thread 0x8f8 has exited with code -1073741510 (0xc000013a).
The thread 0x6770 has exited with code -1073741510 (0xc000013a).
The thread 0x3728 has exited with code -1073741510 (0xc000013a).
The thread 0x289c has exited with code -1073741510 (0xc000013a).
The thread 0xecc has exited with code -1073741510 (0xc000013a).
The program '[12384] User.exe' has exited with code -1073741510 (0xc000013a).
`

**Comment by sanudatta11** [comment]
Press Retry to debug the application)
'User.exe' (Win32): Loaded 'C:\Windows\System32\msctf.dll'. 
'User.exe' (Win32): Loaded 'C:\Windows\System32\TextInputFramework.dll'. 
'User.exe' (Win32): Loaded 'C:\Windows\System32\CoreMessaging.dll'. 
'User.exe' (Win32): Loaded 'C:\Windows\System32\CoreUIComponents.dll'. 
The thread 0x49f8 has exited with code -1073741510 (0xc000013a).
The thread 0x3ab8 has exited with code -1073741510 (0xc000013a).
The thread 0x18a8 has exited with code -1073741510 (0xc000013a).
The thread 0x6130 has exited with code -1073741510 (0xc000013a).
The thread 0x62c has exited with code -1073741510 (0xc000013a).
The thread 0x8f8 has exited with code -1073741510 (0xc000013a).
The thread 0x6770 has exited with code -1073741510 (0xc000013a).
The thread 0x3728 has exited with code -1073741510 (0xc000013a).
The thread 0x289c has exited with code -1073741510 (0xc000013a).
The thread 0xecc has exited with code -1073741510 (0xc000013a).
The program '[12384] User.exe' has exited with code -1073741510 (0xc000013a).

**Comment by btbd** [comment]
Did you try my above edited solution? Anyways, the exit codes of the program and threads tell me nothing. Attach a debugger using GFlags with page heap enabled and it should break on heap corruption.

**Comment by sanudatta11** [comment]
Yep , updated the function as told above.

**Comment by sanudatta11** [comment]
ModLoad: 659f0000 659fb000   C:\WINDOWS\SYSTEM32\LINKINFO.dll
ModLoad: 62b50000 62c2a000   C:\Windows\System32\WinTypes.dll
(1dbc.27ac): Break instruction exception - code 80000003 (first chance)
eax=0112d000 ebx=00000000 ecx=7726abe0 edx=7726abe0 esi=7726abe0 edi=7726abe0
eip=77234060 esp=0424fa4c ebp=0424fa78 iopl=0         nv up ei pl zr na pe nc
cs=0023  ss=002b  ds=002b  es=002b  fs=0053  gs=002b             efl=00000246
ntdll!DbgBreakPoint:
77234060 cc              int     3

**Comment by sanudatta11** [comment]
Does this help

**Comment by sanudatta11** [comment]
2019-11-25:13:07:15:186 : Information : DbgX.dll : (E) Refreshing because we're in a break state.
2019-11-25:13:07:15:198 : Information : DbgX.Debugger.dll : Notifying refresh requested
2019-11-25:13:07:15:198 : Information : DbgX.Debugger.dll : Loading source file for current frame
2019-11-25:13:07:15:186 : Information : DbgX.dll : (E) Looking for request: Items: 2
2019-11-25:13:07:15:186 : Information : DbgX.dll : (E) Executing request: ModelQueryRequest: @$curthread.Registers
2019-11-25:13:07:15:190 : Information : DbgX.dll : (E) Completed request (3 ms) : ModelQueryRequest: @$curthread.Registers
2019-11-25:13:07:15:190 : Information : DbgX.dll : (E) Looking for request: Items: 1
2019-11-25:13:07:15:190 : Information : DbgX.dll : (E) Executing request: ModelQueryRequest: @$curthread.Registers
2019-11-25:13:07:15:193 : Information : DbgX.dll : (E) Completed request (2 ms) : ModelQueryRequest: @$curthread.Registers
2019-11-25:13:07:15:193 : Information : DbgX.dll : (E) Looking for request: Items: 0
2019-11-25:13:07:15:196 : Information : DbgX.dll : (E) Executing request: ModelQueryRequest: @$curprocess.Debug.Breakpoints
2019-11-25:13:07:15:197 : Information : DbgX.dll : (E) Completed request (0 ms) : ModelQueryRequest: @$curprocess.Debug.Breakpoints
2019-11-25:13:07:15:197 : Information : DbgX.dll : (E) Looking for request: Items: 3
2019-11-25:13:07:15:197 : Information : DbgX.dll : (E) Executing request: ModelQueryRequest: Debugger.Utility.Objects.Aggregate(@$curframe.LocalVariables, @$curframe.Parameters)
2019-11-25:13:07:15:202 : Information : DbgX.dll : (E) Completed request (4 ms) : ModelQueryRequest: Debugger.Utility.Objects.Aggregate(@$curframe.LocalVariables, @$curframe.Parameters)
2019-11-25:13:07:15:202 : Information : DbgX.dll : (E) Looking for request: Items: 4
2019-11-25:13:07:15:202 : Information : DbgX.dll : (E) Executing request: ThreadIndexRequest
2019-11-25:13:07:15:202 : Information : DbgX.dll : (E) Completed request (0 ms) : ThreadIndexRequest
2019-11-25:13:07:15:202 : Information : DbgX.dll : (E) Looking for request: Items: 3
2019-11-25:13:07:15:202 : Information : DbgX.dll : (E) Executing request: GetPromptTextRequest
2019-11-25:13:07:15:203 : Information : DbgX.dll : (E) Completed request (1 ms) : GetPromptTextRequest
2019-11-25:13:07:15:203 : Information : DbgX.dll : (E) Looking for request: Items: 2
2019-11-25:13:07:15:203 : Information : DbgX.dll : (E) Executing request: SourceLocationRequest (current address)
2019-11-25:13:07:15:204 : Information : DbgX.dll : (E) Completed request (0 ms) : SourceLocationRequest: '0x77233A4C'
2019-11-25:13:07:15:204 : Information : DbgX.dll : (E) Looking for request: Items: 2
2019-11-25:13:07:15:204 : Information : DbgX.dll : (E) Executing request: ScriptProvidersRequest
2019-11-25:13:07:15:205 : Information : DbgX.dll : (E) Completed request (0 ms) : ScriptProvidersRequest
2019-11-25:13:07:15:205 : Information : DbgX.dll : (E) Looking for request: Items: 1
2019-11-25:13:07:15:205 : Information : DbgX.dll : (E) Executing request: ModelQueryRequest: @$curprocess.Threads
2019-11-25:13:07:15:205 : Information : DbgX.dll : (E) Completed request (0 ms) : ModelQueryRequest: @$curprocess.Threads
2019-11-25:13:07:15:206 : Information : DbgX.dll : (E) Looking for request: Items: 0
2019-11-25:13:07:15:256 : Information : DbgX.dll : (E) No messages waiting, dispatching callbacks

**Comment by sanudatta11** [comment]
ntdll!RtlInitializeNtUserPfn:
77233bd0 8bff           mov     edi, edi
77233bd2 55             push    ebp
77233bd3 8bec           mov     ebp, esp
77233bd5 83ec0c         sub     esp, 0Ch
77233bd8 a1f8122e77     mov     eax, dword ptr [ntdll!LdrSystemDllInitBlock+0xb0 (772e12f8)]
77233bdd 8945fc         mov     dword ptr [ebp-4], eax
77233be0 a1fc122e77     mov     eax, dword ptr [ntdll!LdrSystemDllInitBlock+0xb4 (772e12fc)]
77233be5 8945f8         mov     dword ptr [ebp-8], eax
77233be8 a1e0112e77     mov     eax, dword ptr [ntdll!__guard_check_icall_fptr (772e11e0)]
77233bed 56             push    esi
77233bee 57             push    edi
77233bef 33f6           xor     esi, esi
77233bf1 8b00           mov     eax, dword ptr [eax]
77233bf3 8b3d40e92d77   mov     edi, dword ptr [ntdll!LdrParentRtlInitializeNtUserPfn (772de940)]
77233bf9 8945f4         mov     dword ptr [ebp-0Ch], eax
77233bfc 85ff           test    edi, edi
77233bfe 7426           je      ntdll!RtlInitializeNtUserPfn+0x56 (77233c26)
77233c00 ff751c         push    dword ptr [ebp+1Ch]
77233c03 8bcf           mov     ecx, edi
77233c05 ff7518         push    dword ptr [ebp+18h]
77233c08 ff7514         push    dword ptr [ebp+14h]
77233c0b ff7510         push    dword ptr [ebp+10h]
77233c0e ff750c         push    dword ptr [ebp+0Ch]
77233c11 ff7508         push    dword ptr [ebp+8]
77233c14 ff15e0112e77   call    dword ptr [ntdll!__guard_check_icall_fptr (772e11e0)]
77233c1a ffd7           call    edi
77233c1c 8bf0           mov     esi, eax
77233c1e 85f6           test    esi, esi
77233c20 0f88b7000000   js      ntdll!RtlInitializeNtUserPfn+0x10d (77233cdd)
77233c26 803dd8112e7700 cmp     byte ptr [ntdll!NtUserPfn+0x1d8 (772e11d8)], 0
77233c2d 0f85a5000000   jne     ntdll!RtlInitializeNtUserPfn+0x108 (77233cd8)
77233c33 f6450c07       test    byte ptr [ebp+0Ch], 7
77233c37 0f859b000000   jne     ntdll!RtlInitializeNtUserPfn+0x108 (77233cd8)
77233c3d b8c0000000     mov     eax, 0C0h
77233c42 39450c         cmp     dword ptr [ebp+0Ch], eax
77233c45 0f878d000000   ja      ntdll!RtlInitializeNtUserPfn+0x108 (77233cd8)
77233c4b f6451407       test    byte ptr [ebp+14h], 7
77233c4f 0f8583000000   jne     ntdll!RtlInitializeNtUserPfn+0x108 (77233cd8)
77233c55 394514         cmp     dword ptr [ebp+14h], eax
77233c58 777e           ja      ntdll!RtlInitializeNtUserPfn+0x108 (77233cd8)
77233c5a f6451c07       test    byte ptr [ebp+1Ch], 7
77233c5e 7578           jne     ntdll!RtlInitializeNtUserPfn+0x108 (77233cd8)
77233c60 837d1c58       cmp     dword ptr [ebp+1Ch], 58h
77233c64 7772           ja      ntdll!RtlInitializeNtUserPfn+0x108 (77233cd8)
77233c66 6a00           push    0
77233c68 e851bbfcff     call    ntdll!LdrProtectMrdata (771ff7be)
77233c6d ff750c         push    dword ptr [ebp+0Ch]
77233c70 ff7508         push    dword ptr [ebp+8]
77233c73 6800102e77     push    offset ntdll!NtUserPfn (772e1000)
77233c78 e8a33f0000     call    ntdll!memcpy (77237c20)
77233c7d ff7514         push    dword ptr [ebp+14h]
77233c80 ff7510         push    dword ptr [ebp+10h]
77233c83 68c0102e77     push    offset ntdll!NtUserPfn+0xc0 (772e10c0)
77233c88 e8933f0000     call    ntdll!memcpy (77237c20)
77233c8d ff751c         push    dword ptr [ebp+1Ch]
77233c90 ff7518         push    dword ptr [ebp+18h]
77233c93 6880112e77     push    offset ntdll!NtUserPfn+0x180 (772e1180)
77233c98 e8833f0000     call    ntdll!memcpy (77237c20)
77233c9d 83c424         add     esp, 24h
77233ca0 c605d8112e7701 mov     byte ptr [ntdll!NtUserPfn+0x1d8 (772e11d8)], 1
77233ca7 6a01           push    1
77233ca9 e810bbfcff     call    ntdll!LdrProtectMrdata (771ff7be)
77233cae a1f8122e77     mov     eax, dword ptr [ntdll!LdrSystemDllInitBlock+0xb0 (772e12f8)]
77233cb3 8b0dfc122e77   mov     ecx, dword ptr [ntdll!LdrSystemDllInitBlock+0xb4 (772e12fc)]
77233cb9 3945fc         cmp     dword ptr [ebp-4], eax
77233cbc 7515           jne     ntdll!RtlInitializeNtUserPfn+0x103 (77233cd3)
77233cbe 394df8         cmp     dword ptr [ebp-8], ecx
77233cc1 7510           jne     ntdll!RtlInitializeNtUserPfn+0x103 (77233cd3)

**Comment by btbd** [comment]
None of that is actually useful to me. Use the debugger to figure out where in the "user.exe" module it corrupts a heap. Anyways, I am unable to reproduce the heap corruption after the edited fix.

**Comment by sanudatta11** [comment]
Can you guide me through on how to do it

**Comment by btbd** [comment]
@sanudatta11 There are more than enough resources online on how to use a debugger. Since I cannot reproduce the issue, figure out where it happens and I will fix it.
